Arguments: 
  D:\Program Files\nodejs\node.exe C:\Users\Administrator\AppData\Roaming\npm\node_modules\yarn\bin\yarn.js start

PATH: 
  D:\Program Files\Git\mingw64\bin;D:\Program Files\Git\usr\bin;C:\Users\Administrator\bin;C:\Windows\system32;C:\Windows;C:\Windows\System32\Wbem;C:\Windows\System32\WindowsPowerShell\v1.0;C:\Windows\System32\OpenSSH;D:\Program Files\Git\cmd;D:\Program Files\nodejs;C:\Users\Administrator\AppData\Local\Microsoft\WindowsApps;D:\Users\Administrator\AppData\Local\Programs\Microsoft VS Code\bin;D:\Program Files\Microsoft VS Code\bin;C:\Users\Administrator\AppData\Roaming\npm;C:\Program Files\Bandizip

Yarn version: 
  1.13.0

Node version: 
  10.15.1

Platform: 
  win32 x64

Trace: 
  SyntaxError: E:\www\blockchain-cli\package.json: Unexpected token } in JSON at position 247
      at JSON.parse (<anonymous>)
      at C:\Users\Administrator\AppData\Roaming\npm\node_modules\yarn\lib\cli.js:1625:59
      at Generator.next (<anonymous>)
      at step (C:\Users\Administrator\AppData\Roaming\npm\node_modules\yarn\lib\cli.js:304:30)
      at C:\Users\Administrator\AppData\Roaming\npm\node_modules\yarn\lib\cli.js:315:13

npm manifest: 
  {
    "name": "blockchain-cli",
    "version": "0.0.0",
    "description": "cli for blockchain",
    "main": "index.js",
    "scripts": {
      "test": "echo \"Error: no test specified\" && exit 1",
      "start": "node --experimental-modules src/index.mjs",
    },
    "repository": {
      "type": "git",
      "url": "git+https://github.com/132yse/blockchain-cli.git"
    },
    "keywords": [],
    "author": "",
    "license": "MIT",
    "bugs": {
      "url": "https://github.com/132yse/blockchain-cli/issues"
    },
    "homepage": "https://github.com/132yse/blockchain-cli#readme",
    "dependencies": {
      "cli-table": "^0.3.1",
      "vorpal": "^1.12.0"
    }
  }

yarn manifest: 
  No manifest

Lockfile: 
  No lockfile
